[04/30/22-20:23:07] - SHITMAN|ANUS#7817 - [DEBUG] | Successfully sent command `pls beg`.
[04/30/22-20:23:07] - SHITMAN|ANUS#7817 - [DEBUG] | Got Dank Memer's response to command `pls beg`.
[04/30/22-20:23:07] - SHITMAN|ANUS#7817 - [DEBUG] | Received no coins & no items from the `pls beg` command.
[04/30/22-20:23:07] - SHITMAN|ANUS#7817 - [DEBUG] | Successfully sent command `pls crime`.
[04/30/22-20:23:08] - SHITMAN|ANUS#7817 - [DEBUG] | Got Dank Memer's response to command `pls crime`.
[04/30/22-20:23:08] - SHITMAN|ANUS#7817 - [DEBUG] | Successfully interacted with button on Dank Memer's response to command `pls crime`.
[04/30/22-20:23:09] - SHITMAN|ANUS#7817 - [DEBUG] | Got Dank Memer's response to command `pls crime`.
[04/30/22-20:23:09] - SHITMAN|ANUS#7817 - [DEBUG] | Received  2845 coins & no items from the `pls crime` command.
[04/30/22-20:23:10] - SHITMAN|ANUS#7817 - [DEBUG] | Successfully sent command `pls daily`.
[04/30/22-20:23:10] - SHITMAN|ANUS#7817 - [DEBUG] | Successfully sent command `pls dig`.
[04/30/22-20:23:11] - SHITMAN|ANUS#7817 - [DEBUG] | Got Dank Memer's response to command `pls dig`.
[04/30/22-20:23:11] - SHITMAN|ANUS#7817 - [DEBUG] | Found no edible life forms in the ground from the `pls dig` command.
[04/30/22-20:23:11] - SHITMAN|ANUS#7817 - [DEBUG] | Successfully sent command `pls fish`.
[04/30/22-20:23:12] - SHITMAN|ANUS#7817 - [DEBUG] | Got Dank Memer's response to command `pls fish`.
[04/30/22-20:23:12] - SHITMAN|ANUS#7817 - [DEBUG] | Received 1 blue phallic object from the `pls fish` command.
[04/30/22-20:23:13] - SHITMAN|ANUS#7817 - [DEBUG] | Successfully sent command `pls guess`.
[04/30/22-20:23:13] - SHITMAN|ANUS#7817 - [DEBUG] | Got Dank Memer's response to command `pls guess`.
[04/30/22-20:23:13] - SHITMAN|ANUS#7817 - [DEBUG] | Successfully sent command `10`.
[04/30/22-20:23:18] - SHITMAN|ANUS#7817 - [DEBUG] | Successfully sent command `hint`.
[04/30/22-20:23:23] - SHITMAN|ANUS#7817 - [DEBUG] | Successfully sent command `5`.
[04/30/22-20:23:28] - SHITMAN|ANUS#7817 - [DEBUG] | Successfully sent command `hint`.
[04/30/22-20:23:33] - SHITMAN|ANUS#7817 - [DEBUG] | Successfully sent command `9`.
[04/30/22-20:23:38] - SHITMAN|ANUS#7817 - [DEBUG] | Successfully sent command `7`.
[04/30/22-20:23:38] - SHITMAN|ANUS#7817 - [DEBUG] | Successfully sent command `pls highlow`.
[04/30/22-20:23:39] - SHITMAN|ANUS#7817 - [DEBUG] | Got Dank Memer's response to command `pls highlow`.
[04/30/22-20:23:39] - SHITMAN|ANUS#7817 - [DEBUG] | Successfully interacted with button on Dank Memer's response to command `pls highlow`.
[04/30/22-20:23:39] - SHITMAN|ANUS#7817 - [DEBUG] | Got Dank Memer's response to command `pls highlow`.
[04/30/22-20:23:39] - SHITMAN|ANUS#7817 - [DEBUG] | Received  1853 coins from the `pls highlow` command.
[04/30/22-20:23:40] - SHITMAN|ANUS#7817 - [DEBUG] | Successfully sent command `pls hunt`.
[04/30/22-20:23:40] - SHITMAN|ANUS#7817 - [DEBUG] | Got Dank Memer's response to command `pls hunt`.
[04/30/22-20:23:40] - SHITMAN|ANUS#7817 - [DEBUG] | Found no animals slow enough to be caught from the `pls hunt` command.
[04/30/22-20:23:41] - SHITMAN|ANUS#7817 - [DEBUG] | Successfully sent command `pls postmeme`.
[04/30/22-20:23:41] - SHITMAN|ANUS#7817 - [DEBUG] | Got Dank Memer's response to command `pls postmeme`.
[04/30/22-20:23:41] - SHITMAN|ANUS#7817 - [DEBUG] | Successfully interacted with button on Dank Memer's response to command `pls postmeme`.
[04/30/22-20:23:42] - SHITMAN|ANUS#7817 - [DEBUG] | Got Dank Memer's response to command `pls postmeme`.
[04/30/22-20:23:42] - SHITMAN|ANUS#7817 - [DEBUG] | Received  1346 coins & no items from the `pls crime` command.
[04/30/22-20:23:42] - SHITMAN|ANUS#7817 - [DEBUG] | Successfully sent command `pls search`.
[04/30/22-20:23:42] - SHITMAN|ANUS#7817 - [DEBUG] | Got Dank Memer's response to command `pls search`.
[04/30/22-20:23:43] - SHITMAN|ANUS#7817 - [DEBUG] | Successfully interacted with button on Dank Memer's response to command `pls search`.
[04/30/22-20:23:43] - SHITMAN|ANUS#7817 - [DEBUG] | Got Dank Memer's response to command `pls search`.
[04/30/22-20:23:43] - SHITMAN|ANUS#7817 - [DEBUG] | Received  1695 coins & no items from the `pls search` command.
[04/30/22-20:23:44] - SHITMAN|ANUS#7817 - [DEBUG] | Successfully sent command `pls stream`.
[04/30/22-20:23:44] - SHITMAN|ANUS#7817 - [DEBUG] | Got Dank Memer's response to command `pls stream`.
[04/30/22-20:23:44] - SHITMAN|ANUS#7817 - [WARNING] | Failed to clear lag from the `pls stream` command failing: `(<class 'IndexError'>, IndexError('list index out of range'), <traceback object at 0x000001DF0E74F2C0>)`. Backlash expected (if commands keep failing after this, it would be advisable to close Grank, wait a few minutues, and re-open Grank).
[04/30/22-20:23:44] - SHITMAN|ANUS#7817 - [DEBUG] | Successfully sent command `pls trivia`.
[04/30/22-20:23:49] - SHITMAN|ANUS#7817 - [DEBUG] | Successfully interacted with button on Dank Memer's response to command `pls trivia`.
[04/30/22-20:23:49] - SHITMAN|ANUS#7817 - [WARNING] | Failed to vote for Dank Memer on Discord Bot List due to captcha.
[04/30/22-20:23:53] - SHITMAN|ANUS#7817 - [DEBUG] | Successfully sent command `pls beg`.
[04/30/22-20:23:53] - SHITMAN|ANUS#7817 - [DEBUG] | Got Dank Memer's response to command `pls beg`.
[04/30/22-20:23:53] - SHITMAN|ANUS#7817 - [DEBUG] | Received no coins & no items from the `pls beg` command.
[04/30/22-20:23:55] - SHITMAN|ANUS#7817 - [DEBUG] | Successfully sent command `pls trivia`.
[04/30/22-20:23:55] - SHITMAN|ANUS#7817 - [DEBUG] | Got Dank Memer's response to command `pls trivia`.
[04/30/22-20:23:56] - SHITMAN|ANUS#7817 - [DEBUG] | Successfully interacted with button on Dank Memer's response to command `pls trivia`.
[04/30/22-20:23:56] - SHITMAN|ANUS#7817 - [DEBUG] | Got Dank Memer's response to command `pls trivia`.
[04/30/22-20:23:56] - SHITMAN|ANUS#7817 - [DEBUG] | Received no coins from the `pls trivia` command.
[04/30/22-20:23:56] - SHITMAN|ANUS#7817 - [DEBUG] | Successfully sent command `pls crime`.
[04/30/22-20:23:57] - SHITMAN|ANUS#7817 - [DEBUG] | Got Dank Memer's response to command `pls crime`.
[04/30/22-20:23:57] - SHITMAN|ANUS#7817 - [DEBUG] | Successfully interacted with button on Dank Memer's response to command `pls crime`.
[04/30/22-20:23:58] - SHITMAN|ANUS#7817 - [DEBUG] | Got Dank Memer's response to command `pls crime`.
[04/30/22-20:23:58] - SHITMAN|ANUS#7817 - [DEBUG] | Received no coins & no items from the `pls crime` command.
[04/30/22-20:23:58] - SHITMAN|ANUS#7817 - [DEBUG] | Successfully sent command `pls dig`.
[04/30/22-20:23:59] - SHITMAN|ANUS#7817 - [DEBUG] | Got Dank Memer's response to command `pls dig`.
[04/30/22-20:23:59] - SHITMAN|ANUS#7817 - [DEBUG] | Received 1 worm from the `pls dig` command.
[04/30/22-20:23:59] - SHITMAN|ANUS#7817 - [DEBUG] | Successfully sent command `pls fish`.
[04/30/22-20:24:00] - SHITMAN|ANUS#7817 - [DEBUG] | Got Dank Memer's response to command `pls fish`.
[04/30/22-20:24:00] - SHITMAN|ANUS#7817 - [DEBUG] | Received 1 garbage from the `pls fish` command.
[04/30/22-20:24:02] - SHITMAN|ANUS#7817 - [DEBUG] | Successfully sent command `pls trivia`.
[04/30/22-20:24:02] - SHITMAN|ANUS#7817 - [DEBUG] | Got Dank Memer's response to command `pls trivia`.
[04/30/22-20:24:02] - SHITMAN|ANUS#7817 - [WARNING] | Unknown trivia question `Which Nation DID NOT have a Colony in Modern-day America?
You have 12 seconds to answer`. Answers: `[{'type': 2, 'style': 1, 'label': 'Netherlands', 'custom_id': '9136a8ce-77f0-4295-b1ed-3df877183d2e:0'}, {'type': 2, 'style': 1, 'label': 'Portugal', 'custom_id': '9136a8ce-77f0-4295-b1ed-3df877183d2e:1'}, {'type': 2, 'style': 1, 'label': 'Spain', 'custom_id': '9136a8ce-77f0-4295-b1ed-3df877183d2e:2'}, {'type': 2, 'style': 1, 'label': 'Sweden', 'custom_id': '9136a8ce-77f0-4295-b1ed-3df877183d2e:3'}]`. Please create an issue on Grank highlighting this.
[04/30/22-20:24:02] - SHITMAN|ANUS#7817 - [WARNING] | Unknown answer to trivia question `Which Nation DID NOT have a Colony in Modern-day America?
You have 12 seconds to answer`. Answers: `[{'type': 2, 'style': 1, 'label': 'Netherlands', 'custom_id': '9136a8ce-77f0-4295-b1ed-3df877183d2e:0'}, {'type': 2, 'style': 1, 'label': 'Portugal', 'custom_id': '9136a8ce-77f0-4295-b1ed-3df877183d2e:1'}, {'type': 2, 'style': 1, 'label': 'Spain', 'custom_id': '9136a8ce-77f0-4295-b1ed-3df877183d2e:2'}, {'type': 2, 'style': 1, 'label': 'Sweden', 'custom_id': '9136a8ce-77f0-4295-b1ed-3df877183d2e:3'}]`. Please create an issue on Grank highlighting this.
[04/30/22-20:24:02] - SHITMAN|ANUS#7817 - [DEBUG] | Successfully interacted with button on Dank Memer's response to command `pls trivia`.
[04/30/22-20:24:03] - SHITMAN|ANUS#7817 - [DEBUG] | Got Dank Memer's response to command `pls trivia`.
[04/30/22-20:24:03] - SHITMAN|ANUS#7817 - [DEBUG] | Received no coins from the `pls trivia` command.
[04/30/22-20:24:09] - SHITMAN|ANUS#7817 - [DEBUG] | Successfully sent command `pls trivia`.
[04/30/22-20:24:10] - SHITMAN|ANUS#7817 - [DEBUG] | Got Dank Memer's response to command `pls trivia`.
[04/30/22-20:24:10] - SHITMAN|ANUS#7817 - [WARNING] | Unknown trivia question `When was "YouTube" founded?
You have 10 seconds to answer`. Answers: `[{'type': 2, 'style': 1, 'label': 'February 14, 2005', 'custom_id': 'c8df7f6c-54aa-4563-904f-3ed06f78529c:0'}, {'type': 2, 'style': 1, 'label': 'July 19, 2009', 'custom_id': 'c8df7f6c-54aa-4563-904f-3ed06f78529c:1'}, {'type': 2, 'style': 1, 'label': 'May 22, 2004', 'custom_id': 'c8df7f6c-54aa-4563-904f-3ed06f78529c:2'}, {'type': 2, 'style': 1, 'label': 'September 12, 2005', 'custom_id': 'c8df7f6c-54aa-4563-904f-3ed06f78529c:3'}]`. Please create an issue on Grank highlighting this.
[04/30/22-20:24:10] - SHITMAN|ANUS#7817 - [WARNING] | Unknown answer to trivia question `When was "YouTube" founded?
You have 10 seconds to answer`. Answers: `[{'type': 2, 'style': 1, 'label': 'February 14, 2005', 'custom_id': 'c8df7f6c-54aa-4563-904f-3ed06f78529c:0'}, {'type': 2, 'style': 1, 'label': 'July 19, 2009', 'custom_id': 'c8df7f6c-54aa-4563-904f-3ed06f78529c:1'}, {'type': 2, 'style': 1, 'label': 'May 22, 2004', 'custom_id': 'c8df7f6c-54aa-4563-904f-3ed06f78529c:2'}, {'type': 2, 'style': 1, 'label': 'September 12, 2005', 'custom_id': 'c8df7f6c-54aa-4563-904f-3ed06f78529c:3'}]`. Please create an issue on Grank highlighting this.
[04/30/22-20:24:10] - SHITMAN|ANUS#7817 - [DEBUG] | Successfully interacted with button on Dank Memer's response to command `pls trivia`.
[04/30/22-20:24:10] - SHITMAN|ANUS#7817 - [DEBUG] | Got Dank Memer's response to command `pls trivia`.
[04/30/22-20:24:10] - SHITMAN|ANUS#7817 - [DEBUG] | Received  2000 coins from the `pls trivia` command.
[04/30/22-20:24:11] - SHITMAN|ANUS#7817 - [DEBUG] | Successfully sent command `pls highlow`.
[04/30/22-20:24:11] - SHITMAN|ANUS#7817 - [DEBUG] | Got Dank Memer's response to command `pls highlow`.
[04/30/22-20:24:12] - SHITMAN|ANUS#7817 - [DEBUG] | Successfully interacted with button on Dank Memer's response to command `pls highlow`.
[04/30/22-20:24:12] - SHITMAN|ANUS#7817 - [DEBUG] | Got Dank Memer's response to command `pls highlow`.
[04/30/22-20:24:12] - SHITMAN|ANUS#7817 - [DEBUG] | Lost the `pls highlow` command (no negative balance impacts).
[04/30/22-20:24:14] - SHITMAN|ANUS#7817 - [DEBUG] | Successfully sent command `pls search`.
[04/30/22-20:24:14] - SHITMAN|ANUS#7817 - [DEBUG] | Got Dank Memer's response to command `pls search`.
[04/30/22-20:24:15] - SHITMAN|ANUS#7817 - [DEBUG] | Successfully interacted with button on Dank Memer's response to command `pls search`.
[04/30/22-20:24:15] - SHITMAN|ANUS#7817 - [DEBUG] | Got Dank Memer's response to command `pls search`.
[04/30/22-20:24:15] - SHITMAN|ANUS#7817 - [DEBUG] | Received  1494 coins & no items from the `pls search` command.
[04/30/22-20:24:16] - SHITMAN|ANUS#7817 - [DEBUG] | Successfully sent command `pls trivia`.
[04/30/22-20:24:16] - SHITMAN|ANUS#7817 - [DEBUG] | Got Dank Memer's response to command `pls trivia`.
[04/30/22-20:24:17] - SHITMAN|ANUS#7817 - [DEBUG] | Successfully interacted with button on Dank Memer's response to command `pls trivia`.
[04/30/22-20:24:17] - SHITMAN|ANUS#7817 - [DEBUG] | Got Dank Memer's response to command `pls trivia`.
[04/30/22-20:24:17] - SHITMAN|ANUS#7817 - [DEBUG] | Received  500 coins from the `pls trivia` command.
[04/30/22-20:24:21] - SHITMAN|ANUS#7817 - [DEBUG] | Successfully sent command `pls hunt`.
[04/30/22-20:24:21] - SHITMAN|ANUS#7817 - [DEBUG] | Got Dank Memer's response to command `pls hunt`.
[04/30/22-20:24:21] - SHITMAN|ANUS#7817 - [DEBUG] | Found nothing in the woods from the `pls hunt` command.
[04/30/22-20:24:23] - SHITMAN|ANUS#7817 - [DEBUG] | Successfully sent command `pls trivia`.
[04/30/22-20:24:23] - SHITMAN|ANUS#7817 - [DEBUG] | Got Dank Memer's response to command `pls trivia`.
[04/30/22-20:24:23] - SHITMAN|ANUS#7817 - [WARNING] | Unknown trivia question `In the ARPG "Path of Exile," what is the highest amount of sockets that an item can have?
You have 12 seconds to answer`. Answers: `[{'type': 2, 'style': 1, 'label': '4', 'custom_id': '7a8b1b29-6a85-4dd3-98f0-12f9aa3ce32c:0'}, {'type': 2, 'style': 1, 'label': '5', 'custom_id': '7a8b1b29-6a85-4dd3-98f0-12f9aa3ce32c:1'}, {'type': 2, 'style': 1, 'label': '6', 'custom_id': '7a8b1b29-6a85-4dd3-98f0-12f9aa3ce32c:2'}, {'type': 2, 'style': 1, 'label': '8', 'custom_id': '7a8b1b29-6a85-4dd3-98f0-12f9aa3ce32c:3'}]`. Please create an issue on Grank highlighting this.
[04/30/22-20:24:23] - SHITMAN|ANUS#7817 - [WARNING] | Unknown answer to trivia question `In the ARPG "Path of Exile," what is the highest amount of sockets that an item can have?
You have 12 seconds to answer`. Answers: `[{'type': 2, 'style': 1, 'label': '4', 'custom_id': '7a8b1b29-6a85-4dd3-98f0-12f9aa3ce32c:0'}, {'type': 2, 'style': 1, 'label': '5', 'custom_id': '7a8b1b29-6a85-4dd3-98f0-12f9aa3ce32c:1'}, {'type': 2, 'style': 1, 'label': '6', 'custom_id': '7a8b1b29-6a85-4dd3-98f0-12f9aa3ce32c:2'}, {'type': 2, 'style': 1, 'label': '8', 'custom_id': '7a8b1b29-6a85-4dd3-98f0-12f9aa3ce32c:3'}]`. Please create an issue on Grank highlighting this.
[04/30/22-20:24:24] - SHITMAN|ANUS#7817 - [DEBUG] | Successfully interacted with button on Dank Memer's response to command `pls trivia`.
[04/30/22-20:24:24] - SHITMAN|ANUS#7817 - [DEBUG] | Got Dank Memer's response to command `pls trivia`.
[04/30/22-20:24:24] - SHITMAN|ANUS#7817 - [DEBUG] | Received  1000 coins from the `pls trivia` command.
[04/30/22-20:24:30] - SHITMAN|ANUS#7817 - [DEBUG] | Successfully sent command `pls trivia`.
[04/30/22-20:24:30] - SHITMAN|ANUS#7817 - [DEBUG] | Got Dank Memer's response to command `pls trivia`.
[04/30/22-20:24:30] - SHITMAN|ANUS#7817 - [DEBUG] | Successfully interacted with button on Dank Memer's response to command `pls trivia`.
[04/30/22-20:24:31] - SHITMAN|ANUS#7817 - [DEBUG] | Got Dank Memer's response to command `pls trivia`.
[04/30/22-20:24:31] - SHITMAN|ANUS#7817 - [DEBUG] | Received  2000 coins from the `pls trivia` command.
[04/30/22-20:24:33] - SHITMAN|ANUS#7817 - [DEBUG] | Successfully sent command `pls postmeme`.
[04/30/22-20:24:33] - SHITMAN|ANUS#7817 - [DEBUG] | Got Dank Memer's response to command `pls postmeme`.
[04/30/22-20:24:34] - SHITMAN|ANUS#7817 - [DEBUG] | Successfully interacted with button on Dank Memer's response to command `pls postmeme`.
[04/30/22-20:24:34] - SHITMAN|ANUS#7817 - [DEBUG] | Got Dank Memer's response to command `pls postmeme`.
[04/30/22-20:24:34] - SHITMAN|ANUS#7817 - [DEBUG] | Received  1403 coins & no items from the `pls crime` command.
[04/30/22-20:24:37] - SHITMAN|ANUS#7817 - [DEBUG] | Successfully sent command `pls trivia`.
[04/30/22-20:24:37] - SHITMAN|ANUS#7817 - [DEBUG] | Got Dank Memer's response to command `pls trivia`.
[04/30/22-20:24:37] - SHITMAN|ANUS#7817 - [WARNING] | Unknown trivia question `In Monster Hunter Generations, which of the following monsters are a part of the "Fated Four"?
You have 12 seconds to answer`. Answers: `[{'type': 2, 'style': 1, 'label': 'Arzuros', 'custom_id': 'e607645b-a20a-4610-a151-ef76c7451446:0'}, {'type': 2, 'style': 1, 'label': 'Astalos', 'custom_id': 'e607645b-a20a-4610-a151-ef76c7451446:1'}, {'type': 2, 'style': 1, 'label': 'Gore Magala', 'custom_id': 'e607645b-a20a-4610-a151-ef76c7451446:2'}, {'type': 2, 'style': 1, 'label': 'Malfestio', 'custom_id': 'e607645b-a20a-4610-a151-ef76c7451446:3'}]`. Please create an issue on Grank highlighting this.
[04/30/22-20:24:37] - SHITMAN|ANUS#7817 - [WARNING] | Unknown answer to trivia question `In Monster Hunter Generations, which of the following monsters are a part of the "Fated Four"?
You have 12 seconds to answer`. Answers: `[{'type': 2, 'style': 1, 'label': 'Arzuros', 'custom_id': 'e607645b-a20a-4610-a151-ef76c7451446:0'}, {'type': 2, 'style': 1, 'label': 'Astalos', 'custom_id': 'e607645b-a20a-4610-a151-ef76c7451446:1'}, {'type': 2, 'style': 1, 'label': 'Gore Magala', 'custom_id': 'e607645b-a20a-4610-a151-ef76c7451446:2'}, {'type': 2, 'style': 1, 'label': 'Malfestio', 'custom_id': 'e607645b-a20a-4610-a151-ef76c7451446:3'}]`. Please create an issue on Grank highlighting this.
[04/30/22-20:24:37] - SHITMAN|ANUS#7817 - [DEBUG] | Successfully interacted with button on Dank Memer's response to command `pls trivia`.
[04/30/22-20:24:38] - SHITMAN|ANUS#7817 - [DEBUG] | Got Dank Memer's response to command `pls trivia`.
[04/30/22-20:24:38] - SHITMAN|ANUS#7817 - [DEBUG] | Received no coins from the `pls trivia` command.
[04/30/22-20:24:39] - SHITMAN|ANUS#7817 - [DEBUG] | Successfully sent command `pls guess`.
[04/30/22-20:24:39] - SHITMAN|ANUS#7817 - [DEBUG] | Got Dank Memer's response to command `pls guess`.
[04/30/22-20:24:40] - SHITMAN|ANUS#7817 - [DEBUG] | Successfully sent command `10`.
[04/30/22-20:24:45] - SHITMAN|ANUS#7817 - [DEBUG] | Successfully sent command `hint`.
[04/30/22-20:24:50] - SHITMAN|ANUS#7817 - [DEBUG] | Successfully sent command `15`.
[04/30/22-20:24:55] - SHITMAN|ANUS#7817 - [DEBUG] | Successfully sent command `hint`.
[04/30/22-20:25:00] - SHITMAN|ANUS#7817 - [DEBUG] | Successfully sent command `14`.
[04/30/22-20:25:05] - SHITMAN|ANUS#7817 - [DEBUG] | Successfully sent command `pls highlow`.
[04/30/22-20:25:05] - SHITMAN|ANUS#7817 - [DEBUG] | Got Dank Memer's response to command `pls highlow`.
[04/30/22-20:25:06] - SHITMAN|ANUS#7817 - [DEBUG] | Successfully interacted with button on Dank Memer's response to command `pls highlow`.
[04/30/22-20:25:07] - SHITMAN|ANUS#7817 - [DEBUG] | Got Dank Memer's response to command `pls highlow`.
[04/30/22-20:25:07] - SHITMAN|ANUS#7817 - [DEBUG] | Received  1881 coins from the `pls highlow` command.
[04/30/22-20:25:07] - SHITMAN|ANUS#7817 - [DEBUG] | Successfully sent command `pls hunt`.
[04/30/22-20:25:07] - SHITMAN|ANUS#7817 - [DEBUG] | Got Dank Memer's response to command `pls hunt`.
[04/30/22-20:25:07] - SHITMAN|ANUS#7817 - [DEBUG] | Found no animals in the woods - you wooden believe it from the `pls hunt` command.
[04/30/22-20:25:08] - SHITMAN|ANUS#7817 - [DEBUG] | Successfully sent command `pls search`.
[04/30/22-20:25:08] - SHITMAN|ANUS#7817 - [DEBUG] | Got Dank Memer's response to command `pls search`.
[04/30/22-20:25:08] - SHITMAN|ANUS#7817 - [DEBUG] | Successfully interacted with button on Dank Memer's response to command `pls search`.
[04/30/22-20:25:09] - SHITMAN|ANUS#7817 - [DEBUG] | Got Dank Memer's response to command `pls search`.
[04/30/22-20:25:09] - SHITMAN|ANUS#7817 - [DEBUG] | Received  3554 coins & no items from the `pls search` command.
[04/30/22-20:25:09] - SHITMAN|ANUS#7817 - [DEBUG] | Successfully sent command `pls trivia`.
[04/30/22-20:25:10] - SHITMAN|ANUS#7817 - [DEBUG] | Got Dank Memer's response to command `pls trivia`.
[04/30/22-20:25:10] - SHITMAN|ANUS#7817 - [WARNING] | Unknown trivia question `Which best selling toy of 1983 caused hysteria, resulting in riots breaking out in stores?
You have 15 seconds to answer`. Answers: `[{'type': 2, 'style': 1, 'label': 'Cabbage Patch Kids', 'custom_id': 'e376e158-365c-4599-a79d-54dc1d3dd744:0'}, {'type': 2, 'style': 1, 'label': 'Care Bears', 'custom_id': 'e376e158-365c-4599-a79d-54dc1d3dd744:1'}, {'type': 2, 'style': 1, 'label': 'Rubik’s Cube', 'custom_id': 'e376e158-365c-4599-a79d-54dc1d3dd744:2'}, {'type': 2, 'style': 1, 'label': 'Transformers', 'custom_id': 'e376e158-365c-4599-a79d-54dc1d3dd744:3'}]`. Please create an issue on Grank highlighting this.
[04/30/22-20:25:10] - SHITMAN|ANUS#7817 - [WARNING] | Unknown answer to trivia question `Which best selling toy of 1983 caused hysteria, resulting in riots breaking out in stores?
You have 15 seconds to answer`. Answers: `[{'type': 2, 'style': 1, 'label': 'Cabbage Patch Kids', 'custom_id': 'e376e158-365c-4599-a79d-54dc1d3dd744:0'}, {'type': 2, 'style': 1, 'label': 'Care Bears', 'custom_id': 'e376e158-365c-4599-a79d-54dc1d3dd744:1'}, {'type': 2, 'style': 1, 'label': 'Rubik’s Cube', 'custom_id': 'e376e158-365c-4599-a79d-54dc1d3dd744:2'}, {'type': 2, 'style': 1, 'label': 'Transformers', 'custom_id': 'e376e158-365c-4599-a79d-54dc1d3dd744:3'}]`. Please create an issue on Grank highlighting this.
[04/30/22-20:25:10] - SHITMAN|ANUS#7817 - [DEBUG] | Successfully interacted with button on Dank Memer's response to command `pls trivia`.
[04/30/22-20:25:11] - SHITMAN|ANUS#7817 - [DEBUG] | Got Dank Memer's response to command `pls trivia`.
[04/30/22-20:25:11] - SHITMAN|ANUS#7817 - [DEBUG] | Received no coins from the `pls trivia` command.
[04/30/22-20:25:11] - SHITMAN|ANUS#7817 - [DEBUG] | Successfully sent command `pls beg`.
[04/30/22-20:25:11] - SHITMAN|ANUS#7817 - [DEBUG] | Got Dank Memer's response to command `pls beg`.
[04/30/22-20:25:11] - SHITMAN|ANUS#7817 - [DEBUG] | Received  550 coins & no items from the `pls beg` command.
[04/30/22-20:25:12] - SHITMAN|ANUS#7817 - [DEBUG] | Successfully sent command `pls crime`.
[04/30/22-20:25:12] - SHITMAN|ANUS#7817 - [DEBUG] | Got Dank Memer's response to command `pls crime`.
[04/30/22-20:25:12] - SHITMAN|ANUS#7817 - [DEBUG] | Successfully interacted with button on Dank Memer's response to command `pls crime`.
[04/30/22-20:25:13] - SHITMAN|ANUS#7817 - [DEBUG] | Got Dank Memer's response to command `pls crime`.
[04/30/22-20:25:13] - SHITMAN|ANUS#7817 - [DEBUG] | Received no coins & no items from the `pls crime` command.
[04/30/22-20:25:13] - SHITMAN|ANUS#7817 - [DEBUG] | Successfully sent command `pls dig`.
[04/30/22-20:25:14] - SHITMAN|ANUS#7817 - [DEBUG] | Got Dank Memer's response to command `pls dig`.
[04/30/22-20:25:14] - SHITMAN|ANUS#7817 - [DEBUG] | Received 1 worm from the `pls dig` command.
[04/30/22-20:25:14] - SHITMAN|ANUS#7817 - [DEBUG] | Successfully sent command `pls fish`.
[04/30/22-20:25:14] - SHITMAN|ANUS#7817 - [DEBUG] | Got Dank Memer's response to command `pls fish`.
[04/30/22-20:25:14] - SHITMAN|ANUS#7817 - [DEBUG] | Found no marine life in the waters from the `pls fish` command.
[04/30/22-20:25:17] - SHITMAN|ANUS#7817 - [DEBUG] | Successfully sent command `pls trivia`.
[04/30/22-20:25:17] - SHITMAN|ANUS#7817 - [DEBUG] | Got Dank Memer's response to command `pls trivia`.
[04/30/22-20:25:17] - SHITMAN|ANUS#7817 - [DEBUG] | Successfully interacted with button on Dank Memer's response to command `pls trivia`.
[04/30/22-20:25:18] - SHITMAN|ANUS#7817 - [DEBUG] | Got Dank Memer's response to command `pls trivia`.
[04/30/22-20:25:18] - SHITMAN|ANUS#7817 - [DEBUG] | Received  1000 coins from the `pls trivia` command.
[04/30/22-20:25:24] - SHITMAN|ANUS#7817 - [DEBUG] | Successfully sent command `pls trivia`.
[04/30/22-20:25:24] - SHITMAN|ANUS#7817 - [DEBUG] | Got Dank Memer's response to command `pls trivia`.
[04/30/22-20:25:25] - SHITMAN|ANUS#7817 - [DEBUG] | Successfully interacted with button on Dank Memer's response to command `pls trivia`.
[04/30/22-20:25:25] - SHITMAN|ANUS#7817 - [DEBUG] | Got Dank Memer's response to command `pls trivia`.
[04/30/22-20:25:25] - SHITMAN|ANUS#7817 - [DEBUG] | Received  1000 coins from the `pls trivia` command.
[04/30/22-20:25:26] - SHITMAN|ANUS#7817 - [DEBUG] | Successfully sent command `pls postmeme`.
[04/30/22-20:25:26] - SHITMAN|ANUS#7817 - [DEBUG] | Got Dank Memer's response to command `pls postmeme`.
[04/30/22-20:25:27] - SHITMAN|ANUS#7817 - [DEBUG] | Successfully interacted with button on Dank Memer's response to command `pls postmeme`.
[04/30/22-20:25:27] - SHITMAN|ANUS#7817 - [DEBUG] | Got Dank Memer's response to command `pls postmeme`.
[04/30/22-20:25:27] - SHITMAN|ANUS#7817 - [DEBUG] | Received  3597 coins & no items from the `pls crime` command.
[04/30/22-20:25:31] - SHITMAN|ANUS#7817 - [DEBUG] | Successfully sent command `pls trivia`.
[04/30/22-20:25:31] - SHITMAN|ANUS#7817 - [DEBUG] | Got Dank Memer's response to command `pls trivia`.
[04/30/22-20:25:32] - SHITMAN|ANUS#7817 - [DEBUG] | Successfully interacted with button on Dank Memer's response to command `pls trivia`.
[04/30/22-20:25:32] - SHITMAN|ANUS#7817 - [DEBUG] | Got Dank Memer's response to command `pls trivia`.
[04/30/22-20:25:32] - SHITMAN|ANUS#7817 - [DEBUG] | Received  1000 coins from the `pls trivia` command.
[04/30/22-20:25:38] - SHITMAN|ANUS#7817 - [DEBUG] | Successfully sent command `pls trivia`.
[04/30/22-20:25:38] - SHITMAN|ANUS#7817 - [DEBUG] | Got Dank Memer's response to command `pls trivia`.
[04/30/22-20:25:38] - SHITMAN|ANUS#7817 - [WARNING] | Unknown trivia question `Butters Stotch, Pip Pirrup, and Wendy Testaburger are all characters in which long running animated TV series?
You have 15 seconds to answer`. Answers: `[{'type': 2, 'style': 1, 'label': "Bob's Burgers", 'custom_id': '8dfd1c21-4ee7-4744-9dce-94c7f98a1cc8:0'}, {'type': 2, 'style': 1, 'label': 'Family Guy', 'custom_id': '8dfd1c21-4ee7-4744-9dce-94c7f98a1cc8:1'}, {'type': 2, 'style': 1, 'label': 'South Park', 'custom_id': '8dfd1c21-4ee7-4744-9dce-94c7f98a1cc8:2'}, {'type': 2, 'style': 1, 'label': 'The Simpsons', 'custom_id': '8dfd1c21-4ee7-4744-9dce-94c7f98a1cc8:3'}]`. Please create an issue on Grank highlighting this.
[04/30/22-20:25:38] - SHITMAN|ANUS#7817 - [WARNING] | Unknown answer to trivia question `Butters Stotch, Pip Pirrup, and Wendy Testaburger are all characters in which long running animated TV series?
You have 15 seconds to answer`. Answers: `[{'type': 2, 'style': 1, 'label': "Bob's Burgers", 'custom_id': '8dfd1c21-4ee7-4744-9dce-94c7f98a1cc8:0'}, {'type': 2, 'style': 1, 'label': 'Family Guy', 'custom_id': '8dfd1c21-4ee7-4744-9dce-94c7f98a1cc8:1'}, {'type': 2, 'style': 1, 'label': 'South Park', 'custom_id': '8dfd1c21-4ee7-4744-9dce-94c7f98a1cc8:2'}, {'type': 2, 'style': 1, 'label': 'The Simpsons', 'custom_id': '8dfd1c21-4ee7-4744-9dce-94c7f98a1cc8:3'}]`. Please create an issue on Grank highlighting this.
[04/30/22-20:25:39] - SHITMAN|ANUS#7817 - [DEBUG] | Successfully interacted with button on Dank Memer's response to command `pls trivia`.
[04/30/22-20:25:39] - SHITMAN|ANUS#7817 - [DEBUG] | Got Dank Memer's response to command `pls trivia`.
[04/30/22-20:25:39] - SHITMAN|ANUS#7817 - [DEBUG] | Received  500 coins from the `pls trivia` command.
[04/30/22-20:25:40] - SHITMAN|ANUS#7817 - [DEBUG] | Successfully sent command `pls highlow`.
[04/30/22-20:25:40] - SHITMAN|ANUS#7817 - [DEBUG] | Got Dank Memer's response to command `pls highlow`.
[04/30/22-20:25:40] - SHITMAN|ANUS#7817 - [DEBUG] | Successfully interacted with button on Dank Memer's response to command `pls highlow`.
[04/30/22-20:25:41] - SHITMAN|ANUS#7817 - [DEBUG] | Got Dank Memer's response to command `pls highlow`.
[04/30/22-20:25:41] - SHITMAN|ANUS#7817 - [DEBUG] | Received  1215 coins from the `pls highlow` command.
[04/30/22-20:25:41] - SHITMAN|ANUS#7817 - [DEBUG] | Successfully sent command `pls search`.
[04/30/22-20:25:41] - SHITMAN|ANUS#7817 - [DEBUG] | Got Dank Memer's response to command `pls search`.
[04/30/22-20:25:42] - SHITMAN|ANUS#7817 - [DEBUG] | Successfully interacted with button on Dank Memer's response to command `pls search`.
[04/30/22-20:25:42] - SHITMAN|ANUS#7817 - [DEBUG] | Got Dank Memer's response to command `pls search`.
[04/30/22-20:25:42] - SHITMAN|ANUS#7817 - [DEBUG] | Received  2240 coins & no items from the `pls search` command.
[04/30/22-20:25:45] - SHITMAN|ANUS#7817 - [DEBUG] | Successfully sent command `pls trivia`.
[04/30/22-20:25:45] - SHITMAN|ANUS#7817 - [DEBUG] | Got Dank Memer's response to command `pls trivia`.
[04/30/22-20:25:45] - SHITMAN|ANUS#7817 - [WARNING] | Unknown trivia question `Which show is known for the songs "You are a Pirate", "Cooking by the Book" and "We Are Number One"?
You have 15 seconds to answer`. Answers: `[{'type': 2, 'style': 1, 'label': 'DuckTales', 'custom_id': 'd1edb73c-21f5-4f05-8894-cdc496c4747f:0'}, {'type': 2, 'style': 1, 'label': 'LazyTown', 'custom_id': 'd1edb73c-21f5-4f05-8894-cdc496c4747f:1'}, {'type': 2, 'style': 1, 'label': 'Sofia the First', 'custom_id': 'd1edb73c-21f5-4f05-8894-cdc496c4747f:2'}, {'type': 2, 'style': 1, 'label': 'Tom and Jerry', 'custom_id': 'd1edb73c-21f5-4f05-8894-cdc496c4747f:3'}]`. Please create an issue on Grank highlighting this.
[04/30/22-20:25:45] - SHITMAN|ANUS#7817 - [WARNING] | Unknown answer to trivia question `Which show is known for the songs "You are a Pirate", "Cooking by the Book" and "We Are Number One"?
You have 15 seconds to answer`. Answers: `[{'type': 2, 'style': 1, 'label': 'DuckTales', 'custom_id': 'd1edb73c-21f5-4f05-8894-cdc496c4747f:0'}, {'type': 2, 'style': 1, 'label': 'LazyTown', 'custom_id': 'd1edb73c-21f5-4f05-8894-cdc496c4747f:1'}, {'type': 2, 'style': 1, 'label': 'Sofia the First', 'custom_id': 'd1edb73c-21f5-4f05-8894-cdc496c4747f:2'}, {'type': 2, 'style': 1, 'label': 'Tom and Jerry', 'custom_id': 'd1edb73c-21f5-4f05-8894-cdc496c4747f:3'}]`. Please create an issue on Grank highlighting this.
[04/30/22-20:25:45] - SHITMAN|ANUS#7817 - [DEBUG] | Successfully interacted with button on Dank Memer's response to command `pls trivia`.
[04/30/22-20:25:46] - SHITMAN|ANUS#7817 - [DEBUG] | Got Dank Memer's response to command `pls trivia`.
[04/30/22-20:25:46] - SHITMAN|ANUS#7817 - [DEBUG] | Received no coins from the `pls trivia` command.
[04/30/22-20:25:48] - SHITMAN|ANUS#7817 - [DEBUG] | Successfully sent command `pls hunt`.
[04/30/22-20:25:48] - SHITMAN|ANUS#7817 - [DEBUG] | Got Dank Memer's response to command `pls hunt`.
[04/30/22-20:25:48] - SHITMAN|ANUS#7817 - [DEBUG] | Received 1 skunk from the `pls hunt` command.
[04/30/22-20:25:52] - SHITMAN|ANUS#7817 - [DEBUG] | Successfully sent command `pls trivia`.
[04/30/22-20:25:52] - SHITMAN|ANUS#7817 - [DEBUG] | Got Dank Memer's response to command `pls trivia`.
[04/30/22-20:25:52] - SHITMAN|ANUS#7817 - [WARNING] | Unknown trivia question `How many kilobytes in one gigabyte (in decimal)?
You have 15 seconds to answer`. Answers: `[{'type': 2, 'style': 1, 'label': '1000', 'custom_id': '9b67aadf-0816-4a3e-91e9-cd21a7dcafdb:0'}, {'type': 2, 'style': 1, 'label': '1000000', 'custom_id': '9b67aadf-0816-4a3e-91e9-cd21a7dcafdb:1'}, {'type': 2, 'style': 1, 'label': '1024', 'custom_id': '9b67aadf-0816-4a3e-91e9-cd21a7dcafdb:2'}, {'type': 2, 'style': 1, 'label': '1048576', 'custom_id': '9b67aadf-0816-4a3e-91e9-cd21a7dcafdb:3'}]`. Please create an issue on Grank highlighting this.
[04/30/22-20:25:52] - SHITMAN|ANUS#7817 - [WARNING] | Unknown answer to trivia question `How many kilobytes in one gigabyte (in decimal)?
You have 15 seconds to answer`. Answers: `[{'type': 2, 'style': 1, 'label': '1000', 'custom_id': '9b67aadf-0816-4a3e-91e9-cd21a7dcafdb:0'}, {'type': 2, 'style': 1, 'label': '1000000', 'custom_id': '9b67aadf-0816-4a3e-91e9-cd21a7dcafdb:1'}, {'type': 2, 'style': 1, 'label': '1024', 'custom_id': '9b67aadf-0816-4a3e-91e9-cd21a7dcafdb:2'}, {'type': 2, 'style': 1, 'label': '1048576', 'custom_id': '9b67aadf-0816-4a3e-91e9-cd21a7dcafdb:3'}]`. Please create an issue on Grank highlighting this.
[04/30/22-20:25:52] - SHITMAN|ANUS#7817 - [DEBUG] | Successfully interacted with button on Dank Memer's response to command `pls trivia`.
[04/30/22-20:25:53] - SHITMAN|ANUS#7817 - [DEBUG] | Got Dank Memer's response to command `pls trivia`.
[04/30/22-20:25:53] - SHITMAN|ANUS#7817 - [DEBUG] | Received  1000000 coins from the `pls trivia` command.
[04/30/22-20:25:57] - SHITMAN|ANUS#7817 - [DEBUG] | Successfully sent command `pls beg`.
[04/30/22-20:25:57] - SHITMAN|ANUS#7817 - [DEBUG] | Got Dank Memer's response to command `pls beg`.
[04/30/22-20:25:57] - SHITMAN|ANUS#7817 - [DEBUG] | Received  859 coins & no items from the `pls beg` command.
[04/30/22-20:25:59] - SHITMAN|ANUS#7817 - [DEBUG] | Successfully sent command `pls trivia`.
[04/30/22-20:25:59] - SHITMAN|ANUS#7817 - [DEBUG] | Got Dank Memer's response to command `pls trivia`.
[04/30/22-20:25:59] - SHITMAN|ANUS#7817 - [WARNING] | Unknown trivia question `Who is the lead singer of Pearl Jam?
You have 15 seconds to answer`. Answers: `[{'type': 2, 'style': 1, 'label': 'Eddie Vedder', 'custom_id': '52a2fc9d-d970-4e10-adec-9785b2703e11:0'}, {'type': 2, 'style': 1, 'label': 'Kurt Cobain', 'custom_id': '52a2fc9d-d970-4e10-adec-9785b2703e11:1'}, {'type': 2, 'style': 1, 'label': 'Ozzy Osbourne', 'custom_id': '52a2fc9d-d970-4e10-adec-9785b2703e11:2'}, {'type': 2, 'style': 1, 'label': 'Stone Gossard', 'custom_id': '52a2fc9d-d970-4e10-adec-9785b2703e11:3'}]`. Please create an issue on Grank highlighting this.
[04/30/22-20:25:59] - SHITMAN|ANUS#7817 - [WARNING] | Unknown answer to trivia question `Who is the lead singer of Pearl Jam?
You have 15 seconds to answer`. Answers: `[{'type': 2, 'style': 1, 'label': 'Eddie Vedder', 'custom_id': '52a2fc9d-d970-4e10-adec-9785b2703e11:0'}, {'type': 2, 'style': 1, 'label': 'Kurt Cobain', 'custom_id': '52a2fc9d-d970-4e10-adec-9785b2703e11:1'}, {'type': 2, 'style': 1, 'label': 'Ozzy Osbourne', 'custom_id': '52a2fc9d-d970-4e10-adec-9785b2703e11:2'}, {'type': 2, 'style': 1, 'label': 'Stone Gossard', 'custom_id': '52a2fc9d-d970-4e10-adec-9785b2703e11:3'}]`. Please create an issue on Grank highlighting this.
[04/30/22-20:26:00] - SHITMAN|ANUS#7817 - [DEBUG] | Successfully interacted with button on Dank Memer's response to command `pls trivia`.
[04/30/22-20:26:00] - SHITMAN|ANUS#7817 - [DEBUG] | Got Dank Memer's response to command `pls trivia`.
[04/30/22-20:26:00] - SHITMAN|ANUS#7817 - [DEBUG] | Received no coins from the `pls trivia` command.
[04/30/22-20:26:01] - SHITMAN|ANUS#7817 - [DEBUG] | Successfully sent command `pls crime`.
[04/30/22-20:26:01] - SHITMAN|ANUS#7817 - [DEBUG] | Got Dank Memer's response to command `pls crime`.
[04/30/22-20:26:01] - SHITMAN|ANUS#7817 - [DEBUG] | Successfully interacted with button on Dank Memer's response to command `pls crime`.
[04/30/22-20:26:02] - SHITMAN|ANUS#7817 - [DEBUG] | Got Dank Memer's response to command `pls crime`.
[04/30/22-20:26:02] - SHITMAN|ANUS#7817 - [DEBUG] | Received no coins & no items from the `pls crime` command.
[04/30/22-20:26:02] - SHITMAN|ANUS#7817 - [DEBUG] | Successfully sent command `pls dig`.
[04/30/22-20:26:02] - SHITMAN|ANUS#7817 - [DEBUG] | Got Dank Memer's response to command `pls dig`.
[04/30/22-20:26:02] - SHITMAN|ANUS#7817 - [DEBUG] | Found the ground was too hard to be searched from the `pls dig` command.
[04/30/22-20:26:03] - SHITMAN|ANUS#7817 - [DEBUG] | Successfully sent command `pls fish`.
[04/30/22-20:26:03] - SHITMAN|ANUS#7817 - [DEBUG] | Got Dank Memer's response to command `pls fish`.
[04/30/22-20:26:03] - SHITMAN|ANUS#7817 - [DEBUG] | Found the water was too bright from the `pls fish` command.
[04/30/22-20:26:06] - SHITMAN|ANUS#7817 - [DEBUG] | Successfully sent command `pls trivia`.
[04/30/22-20:26:06] - SHITMAN|ANUS#7817 - [DEBUG] | Got Dank Memer's response to command `pls trivia`.
[04/30/22-20:26:06] - SHITMAN|ANUS#7817 - [WARNING] | Unknown trivia question `What was the game "Galaga" was a sequel to?
You have 12 seconds to answer`. Answers: `[{'type': 2, 'style': 1, 'label': 'Galactic Wars', 'custom_id': '9195eaba-a685-4c6b-95eb-46ab7b36d2ee:0'}, {'type': 2, 'style': 1, 'label': 'Galactica', 'custom_id': '9195eaba-a685-4c6b-95eb-46ab7b36d2ee:1'}, {'type': 2, 'style': 1, 'label': 'Galaxian', 'custom_id': '9195eaba-a685-4c6b-95eb-46ab7b36d2ee:2'}, {'type': 2, 'style': 1, 'label': 'Space Invaders', 'custom_id': '9195eaba-a685-4c6b-95eb-46ab7b36d2ee:3'}]`. Please create an issue on Grank highlighting this.
[04/30/22-20:26:06] - SHITMAN|ANUS#7817 - [WARNING] | Unknown answer to trivia question `What was the game "Galaga" was a sequel to?
You have 12 seconds to answer`. Answers: `[{'type': 2, 'style': 1, 'label': 'Galactic Wars', 'custom_id': '9195eaba-a685-4c6b-95eb-46ab7b36d2ee:0'}, {'type': 2, 'style': 1, 'label': 'Galactica', 'custom_id': '9195eaba-a685-4c6b-95eb-46ab7b36d2ee:1'}, {'type': 2, 'style': 1, 'label': 'Galaxian', 'custom_id': '9195eaba-a685-4c6b-95eb-46ab7b36d2ee:2'}, {'type': 2, 'style': 1, 'label': 'Space Invaders', 'custom_id': '9195eaba-a685-4c6b-95eb-46ab7b36d2ee:3'}]`. Please create an issue on Grank highlighting this.
[04/30/22-20:26:07] - SHITMAN|ANUS#7817 - [DEBUG] | Successfully interacted with button on Dank Memer's response to command `pls trivia`.
[04/30/22-20:26:07] - SHITMAN|ANUS#7817 - [DEBUG] | Got Dank Memer's response to command `pls trivia`.
[04/30/22-20:26:07] - SHITMAN|ANUS#7817 - [DEBUG] | Received  1000 coins from the `pls trivia` command.
[04/30/22-20:26:08] - SHITMAN|ANUS#7817 - [DEBUG] | Successfully sent command `pls guess`.
[04/30/22-20:26:08] - SHITMAN|ANUS#7817 - [DEBUG] | Got Dank Memer's response to command `pls guess`.
[04/30/22-20:26:08] - SHITMAN|ANUS#7817 - [DEBUG] | Successfully sent command `10`.
[04/30/22-20:26:13] - SHITMAN|ANUS#7817 - [DEBUG] | Successfully sent command `hint`.
[04/30/22-20:26:18] - SHITMAN|ANUS#7817 - [DEBUG] | Successfully sent command `15`.
[04/30/22-20:26:18] - SHITMAN|ANUS#7817 - [DEBUG] | Got Dank Memer's response to command `15`.
[04/30/22-20:26:19] - SHITMAN|ANUS#7817 - [DEBUG] | Successfully sent command `pls highlow`.
[04/30/22-20:26:19] - SHITMAN|ANUS#7817 - [DEBUG] | Got Dank Memer's response to command `pls highlow`.
[04/30/22-20:26:19] - SHITMAN|ANUS#7817 - [DEBUG] | Successfully interacted with button on Dank Memer's response to command `pls highlow`.
[04/30/22-20:26:20] - SHITMAN|ANUS#7817 - [DEBUG] | Got Dank Memer's response to command `pls highlow`.
[04/30/22-20:26:20] - SHITMAN|ANUS#7817 - [DEBUG] | Received  1427 coins from the `pls highlow` command.
[04/30/22-20:26:20] - SHITMAN|ANUS#7817 - [DEBUG] | Successfully sent command `pls postmeme`.
[04/30/22-20:26:20] - SHITMAN|ANUS#7817 - [DEBUG] | Got Dank Memer's response to command `pls postmeme`.
[04/30/22-20:26:21] - SHITMAN|ANUS#7817 - [DEBUG] | Successfully interacted with button on Dank Memer's response to command `pls postmeme`.
[04/30/22-20:26:21] - SHITMAN|ANUS#7817 - [DEBUG] | Got Dank Memer's response to command `pls postmeme`.
[04/30/22-20:26:21] - SHITMAN|ANUS#7817 - [DEBUG] | Received  0 coins & no items from the `pls crime` command.
[04/30/22-20:26:22] - SHITMAN|ANUS#7817 - [DEBUG] | Successfully sent command `pls search`.
[04/30/22-20:26:22] - SHITMAN|ANUS#7817 - [DEBUG] | Got Dank Memer's response to command `pls search`.
[04/30/22-20:26:23] - SHITMAN|ANUS#7817 - [DEBUG] | Successfully interacted with button on Dank Memer's response to command `pls search`.
[04/30/22-20:26:23] - SHITMAN|ANUS#7817 - [DEBUG] | Got Dank Memer's response to command `pls search`.
[04/30/22-20:26:23] - SHITMAN|ANUS#7817 - [DEBUG] | Received  1709 coins & no items from the `pls search` command.
[04/30/22-20:26:24] - SHITMAN|ANUS#7817 - [DEBUG] | Successfully sent command `pls trivia`.
[04/30/22-20:26:24] - SHITMAN|ANUS#7817 - [DEBUG] | Got Dank Memer's response to command `pls trivia`.
[04/30/22-20:26:24] - SHITMAN|ANUS#7817 - [DEBUG] | Successfully interacted with button on Dank Memer's response to command `pls trivia`.
[04/30/22-20:26:25] - SHITMAN|ANUS#7817 - [DEBUG] | Got Dank Memer's response to command `pls trivia`.
[04/30/22-20:26:25] - SHITMAN|ANUS#7817 - [DEBUG] | Received  1000 coins from the `pls trivia` command.
[04/30/22-20:26:29] - SHITMAN|ANUS#7817 - [DEBUG] | Successfully sent command `pls hunt`.
[04/30/22-20:26:29] - SHITMAN|ANUS#7817 - [DEBUG] | Got Dank Memer's response to command `pls hunt`.
[04/30/22-20:26:29] - SHITMAN|ANUS#7817 - [DEBUG] | Received 1 boar from the `pls hunt` command.
[04/30/22-20:26:31] - SHITMAN|ANUS#7817 - [DEBUG] | Successfully sent command `pls trivia`.
[04/30/22-20:26:31] - SHITMAN|ANUS#7817 - [DEBUG] | Got Dank Memer's response to command `pls trivia`.
[04/30/22-20:26:31] - SHITMAN|ANUS#7817 - [WARNING] | Unknown trivia question `What is the name of rocky region that spans most of eastern Canada?
You have 10 seconds to answer`. Answers: `[{'type': 2, 'style': 1, 'label': 'Appalachian Mountains', 'custom_id': '73573c29-c420-4473-8be5-c003e35fa735:0'}, {'type': 2, 'style': 1, 'label': 'Canadian Shield', 'custom_id': '73573c29-c420-4473-8be5-c003e35fa735:1'}, {'type': 2, 'style': 1, 'label': 'Himalayas', 'custom_id': '73573c29-c420-4473-8be5-c003e35fa735:2'}, {'type': 2, 'style': 1, 'label': 'Rocky Mountains', 'custom_id': '73573c29-c420-4473-8be5-c003e35fa735:3'}]`. Please create an issue on Grank highlighting this.
[04/30/22-20:26:31] - SHITMAN|ANUS#7817 - [WARNING] | Unknown answer to trivia question `What is the name of rocky region that spans most of eastern Canada?
You have 10 seconds to answer`. Answers: `[{'type': 2, 'style': 1, 'label': 'Appalachian Mountains', 'custom_id': '73573c29-c420-4473-8be5-c003e35fa735:0'}, {'type': 2, 'style': 1, 'label': 'Canadian Shield', 'custom_id': '73573c29-c420-4473-8be5-c003e35fa735:1'}, {'type': 2, 'style': 1, 'label': 'Himalayas', 'custom_id': '73573c29-c420-4473-8be5-c003e35fa735:2'}, {'type': 2, 'style': 1, 'label': 'Rocky Mountains', 'custom_id': '73573c29-c420-4473-8be5-c003e35fa735:3'}]`. Please create an issue on Grank highlighting this.
[04/30/22-20:26:31] - SHITMAN|ANUS#7817 - [DEBUG] | Successfully interacted with button on Dank Memer's response to command `pls trivia`.
[04/30/22-20:26:32] - SHITMAN|ANUS#7817 - [DEBUG] | Got Dank Memer's response to command `pls trivia`.
[04/30/22-20:26:32] - SHITMAN|ANUS#7817 - [DEBUG] | Received no coins from the `pls trivia` command.
[04/30/22-20:26:38] - SHITMAN|ANUS#7817 - [DEBUG] | Successfully sent command `pls trivia`.
[04/30/22-20:26:38] - SHITMAN|ANUS#7817 - [DEBUG] | Got Dank Memer's response to command `pls trivia`.
[04/30/22-20:26:38] - SHITMAN|ANUS#7817 - [WARNING] | Unknown trivia question `The starting pistol of the Terrorist team in a competitive match of Counter Strike: Global Offensive is what?
You have 15 seconds to answer`. Answers: `[{'type': 2, 'style': 1, 'label': 'Desert Eagle', 'custom_id': 'aedea5fe-5de3-4e5f-8c4d-2ad7eeb25acc:0'}, {'type': 2, 'style': 1, 'label': 'Dual Berretas', 'custom_id': 'aedea5fe-5de3-4e5f-8c4d-2ad7eeb25acc:1'}, {'type': 2, 'style': 1, 'label': 'Glock-18', 'custom_id': 'aedea5fe-5de3-4e5f-8c4d-2ad7eeb25acc:2'}, {'type': 2, 'style': 1, 'label': 'Tec-9', 'custom_id': 'aedea5fe-5de3-4e5f-8c4d-2ad7eeb25acc:3'}]`. Please create an issue on Grank highlighting this.
[04/30/22-20:26:38] - SHITMAN|ANUS#7817 - [WARNING] | Unknown answer to trivia question `The starting pistol of the Terrorist team in a competitive match of Counter Strike: Global Offensive is what?
You have 15 seconds to answer`. Answers: `[{'type': 2, 'style': 1, 'label': 'Desert Eagle', 'custom_id': 'aedea5fe-5de3-4e5f-8c4d-2ad7eeb25acc:0'}, {'type': 2, 'style': 1, 'label': 'Dual Berretas', 'custom_id': 'aedea5fe-5de3-4e5f-8c4d-2ad7eeb25acc:1'}, {'type': 2, 'style': 1, 'label': 'Glock-18', 'custom_id': 'aedea5fe-5de3-4e5f-8c4d-2ad7eeb25acc:2'}, {'type': 2, 'style': 1, 'label': 'Tec-9', 'custom_id': 'aedea5fe-5de3-4e5f-8c4d-2ad7eeb25acc:3'}]`. Please create an issue on Grank highlighting this.
[04/30/22-20:26:39] - SHITMAN|ANUS#7817 - [DEBUG] | Successfully interacted with button on Dank Memer's response to command `pls trivia`.
[04/30/22-20:26:39] - SHITMAN|ANUS#7817 - [DEBUG] | Got Dank Memer's response to command `pls trivia`.
[04/30/22-20:26:39] - SHITMAN|ANUS#7817 - [DEBUG] | Received  18 coins from the `pls trivia` command.
[04/30/22-20:26:43] - SHITMAN|ANUS#7817 - [DEBUG] | Successfully sent command `pls beg`.
[04/30/22-20:26:43] - SHITMAN|ANUS#7817 - [DEBUG] | Got Dank Memer's response to command `pls beg`.
[04/30/22-20:26:43] - SHITMAN|ANUS#7817 - [DEBUG] | Received no coins & no items from the `pls beg` command.
[04/30/22-20:26:45] - SHITMAN|ANUS#7817 - [DEBUG] | Successfully sent command `pls trivia`.
[04/30/22-20:26:45] - SHITMAN|ANUS#7817 - [DEBUG] | Got Dank Memer's response to command `pls trivia`.
[04/30/22-20:26:46] - SHITMAN|ANUS#7817 - [DEBUG] | Successfully interacted with button on Dank Memer's response to command `pls trivia`.
[04/30/22-20:26:46] - SHITMAN|ANUS#7817 - [DEBUG] | Got Dank Memer's response to command `pls trivia`.
[04/30/22-20:26:46] - SHITMAN|ANUS#7817 - [DEBUG] | Received no coins from the `pls trivia` command.
[04/30/22-20:26:48] - SHITMAN|ANUS#7817 - [DEBUG] | Successfully sent command `pls crime`.
[04/30/22-20:26:48] - SHITMAN|ANUS#7817 - [DEBUG] | Got Dank Memer's response to command `pls crime`.
[04/30/22-20:26:49] - SHITMAN|ANUS#7817 - [DEBUG] | Successfully interacted with button on Dank Memer's response to command `pls crime`.
[04/30/22-20:26:49] - SHITMAN|ANUS#7817 - [DEBUG] | Got Dank Memer's response to command `pls crime`.
[04/30/22-20:26:49] - SHITMAN|ANUS#7817 - [DEBUG] | Received  2398 coins & no items from the `pls crime` command.
[04/30/22-20:26:50] - SHITMAN|ANUS#7817 - [DEBUG] | Successfully sent command `pls dig`.
[04/30/22-20:26:50] - SHITMAN|ANUS#7817 - [DEBUG] | Got Dank Memer's response to command `pls dig`.
[04/30/22-20:26:50] - SHITMAN|ANUS#7817 - [DEBUG] | Received 1 worm from the `pls dig` command.
[04/30/22-20:26:50] - SHITMAN|ANUS#7817 - [DEBUG] | Successfully sent command `pls fish`.
[04/30/22-20:26:51] - SHITMAN|ANUS#7817 - [DEBUG] | Got Dank Memer's response to command `pls fish`.
[04/30/22-20:26:51] - SHITMAN|ANUS#7817 - [DEBUG] | Found the water was too bright from the `pls fish` command.
[04/30/22-20:26:51] - SHITMAN|ANUS#7817 - [DEBUG] | Successfully sent command `pls highlow`.
[04/30/22-20:26:51] - SHITMAN|ANUS#7817 - [DEBUG] | Got Dank Memer's response to command `pls highlow`.
[04/30/22-20:26:52] - SHITMAN|ANUS#7817 - [DEBUG] | Successfully interacted with button on Dank Memer's response to command `pls highlow`.
[04/30/22-20:26:52] - SHITMAN|ANUS#7817 - [DEBUG] | Got Dank Memer's response to command `pls highlow`.
[04/30/22-20:26:52] - SHITMAN|ANUS#7817 - [DEBUG] | Lost the `pls highlow` command (no negative balance impacts).
[04/30/22-20:26:53] - SHITMAN|ANUS#7817 - [DEBUG] | Successfully sent command `pls trivia`.
[04/30/22-20:26:53] - SHITMAN|ANUS#7817 - [DEBUG] | Got Dank Memer's response to command `pls trivia`.
[04/30/22-20:26:53] - SHITMAN|ANUS#7817 - [DEBUG] | Successfully interacted with button on Dank Memer's response to command `pls trivia`.
[04/30/22-20:26:54] - SHITMAN|ANUS#7817 - [DEBUG] | Got Dank Memer's response to command `pls trivia`.
[04/30/22-20:26:54] - SHITMAN|ANUS#7817 - [DEBUG] | Received  1000 coins from the `pls trivia` command.
[04/30/22-20:26:54] - SHITMAN|ANUS#7817 - [DEBUG] | Successfully sent command `pls search`.
[04/30/22-20:26:54] - SHITMAN|ANUS#7817 - [DEBUG] | Got Dank Memer's response to command `pls search`.
[04/30/22-20:26:55] - SHITMAN|ANUS#7817 - [DEBUG] | Successfully interacted with button on Dank Memer's response to command `pls search`.
[04/30/22-20:26:55] - SHITMAN|ANUS#7817 - [DEBUG] | Got Dank Memer's response to command `pls search`.
[04/30/22-20:26:55] - SHITMAN|ANUS#7817 - [DEBUG] | Received  1394 coins & no items from the `pls search` command.
[04/30/22-20:27:00] - SHITMAN|ANUS#7817 - [DEBUG] | Successfully sent command `pls trivia`.
[04/30/22-20:27:01] - SHITMAN|ANUS#7817 - [DEBUG] | Got Dank Memer's response to command `pls trivia`.
[04/30/22-20:27:02] - SHITMAN|ANUS#7817 - [DEBUG] | Successfully interacted with button on Dank Memer's response to command `pls trivia`.
[04/30/22-20:27:02] - SHITMAN|ANUS#7817 - [DEBUG] | Got Dank Memer's response to command `pls trivia`.
[04/30/22-20:27:02] - SHITMAN|ANUS#7817 - [DEBUG] | Received  2000 coins from the `pls trivia` command.
[04/30/22-20:27:08] - SHITMAN|ANUS#7817 - [DEBUG] | Successfully sent command `pls trivia`.
[04/30/22-20:27:08] - SHITMAN|ANUS#7817 - [DEBUG] | Got Dank Memer's response to command `pls trivia`.
[04/30/22-20:27:08] - SHITMAN|ANUS#7817 - [WARNING] | Unknown trivia question `Pamina and Papageno are characters in what Mozart opera?
You have 10 seconds to answer`. Answers: `[{'type': 2, 'style': 1, 'label': 'The Goose of Cairo', 'custom_id': '85e81f86-4351-47a8-a20f-1c81cff06ab0:0'}, {'type': 2, 'style': 1, 'label': 'The Impresario', 'custom_id': '85e81f86-4351-47a8-a20f-1c81cff06ab0:1'}, {'type': 2, 'style': 1, 'label': 'The Magic Flute', 'custom_id': '85e81f86-4351-47a8-a20f-1c81cff06ab0:2'}, {'type': 2, 'style': 1, 'label': 'The Marriage of Figaro', 'custom_id': '85e81f86-4351-47a8-a20f-1c81cff06ab0:3'}]`. Please create an issue on Grank highlighting this.
[04/30/22-20:27:08] - SHITMAN|ANUS#7817 - [WARNING] | Unknown answer to trivia question `Pamina and Papageno are characters in what Mozart opera?
You have 10 seconds to answer`. Answers: `[{'type': 2, 'style': 1, 'label': 'The Goose of Cairo', 'custom_id': '85e81f86-4351-47a8-a20f-1c81cff06ab0:0'}, {'type': 2, 'style': 1, 'label': 'The Impresario', 'custom_id': '85e81f86-4351-47a8-a20f-1c81cff06ab0:1'}, {'type': 2, 'style': 1, 'label': 'The Magic Flute', 'custom_id': '85e81f86-4351-47a8-a20f-1c81cff06ab0:2'}, {'type': 2, 'style': 1, 'label': 'The Marriage of Figaro', 'custom_id': '85e81f86-4351-47a8-a20f-1c81cff06ab0:3'}]`. Please create an issue on Grank highlighting this.
[04/30/22-20:27:09] - SHITMAN|ANUS#7817 - [DEBUG] | Successfully interacted with button on Dank Memer's response to command `pls trivia`.
[04/30/22-20:27:09] - SHITMAN|ANUS#7817 - [DEBUG] | Got Dank Memer's response to command `pls trivia`.
[04/30/22-20:27:09] - SHITMAN|ANUS#7817 - [DEBUG] | Received  2000 coins from the `pls trivia` command.
[04/30/22-20:27:10] - SHITMAN|ANUS#7817 - [DEBUG] | Successfully sent command `pls hunt`.
[04/30/22-20:27:10] - SHITMAN|ANUS#7817 - [DEBUG] | Got Dank Memer's response to command `pls hunt`.
[04/30/22-20:27:10] - SHITMAN|ANUS#7817 - [DEBUG] | Found nothing in the woods from the `pls hunt` command.
[04/30/22-20:27:12] - SHITMAN|ANUS#7817 - [DEBUG] | Successfully sent command `pls postmeme`.
[04/30/22-20:27:12] - SHITMAN|ANUS#7817 - [DEBUG] | Got Dank Memer's response to command `pls postmeme`.
[04/30/22-20:27:13] - SHITMAN|ANUS#7817 - [DEBUG] | Successfully interacted with button on Dank Memer's response to command `pls postmeme`.
[04/30/22-20:27:13] - SHITMAN|ANUS#7817 - [DEBUG] | Got Dank Memer's response to command `pls postmeme`.
[04/30/22-20:27:13] - SHITMAN|ANUS#7817 - [DEBUG] | Received  1454 coins & no items from the `pls crime` command.
[04/30/22-20:27:15] - SHITMAN|ANUS#7817 - [DEBUG] | Successfully sent command `pls trivia`.
[04/30/22-20:27:15] - SHITMAN|ANUS#7817 - [DEBUG] | Got Dank Memer's response to command `pls trivia`.
[04/30/22-20:27:16] - SHITMAN|ANUS#7817 - [DEBUG] | Successfully interacted with button on Dank Memer's response to command `pls trivia`.
[04/30/22-20:27:17] - SHITMAN|ANUS#7817 - [DEBUG] | Got Dank Memer's response to command `pls trivia`.
[04/30/22-20:27:17] - SHITMAN|ANUS#7817 - [DEBUG] | Received  1000 coins from the `pls trivia` command.
[04/30/22-20:27:19] - SHITMAN|ANUS#7817 - [DEBUG] | Successfully sent command `pls guess`.
[04/30/22-20:27:19] - SHITMAN|ANUS#7817 - [DEBUG] | Got Dank Memer's response to command `pls guess`.
[04/30/22-20:27:20] - SHITMAN|ANUS#7817 - [DEBUG] | Successfully sent command `10`.
[04/30/22-20:27:25] - SHITMAN|ANUS#7817 - [DEBUG] | Successfully sent command `hint`.
[04/30/22-20:27:30] - SHITMAN|ANUS#7817 - [DEBUG] | Successfully sent command `15`.
[04/30/22-20:27:35] - SHITMAN|ANUS#7817 - [DEBUG] | Successfully sent command `hint`.
[04/30/22-20:27:40] - SHITMAN|ANUS#7817 - [DEBUG] | Successfully sent command `16`.
[04/30/22-20:27:45] - SHITMAN|ANUS#7817 - [DEBUG] | Successfully sent command `pls highlow`.
[04/30/22-20:27:45] - SHITMAN|ANUS#7817 - [DEBUG] | Got Dank Memer's response to command `pls highlow`.
[04/30/22-20:27:46] - SHITMAN|ANUS#7817 - [DEBUG] | Successfully interacted with button on Dank Memer's response to command `pls highlow`.
[04/30/22-20:27:47] - SHITMAN|ANUS#7817 - [DEBUG] | Got Dank Memer's response to command `pls highlow`.
[04/30/22-20:27:47] - SHITMAN|ANUS#7817 - [DEBUG] | Received  1642 coins from the `pls highlow` command.
[04/30/22-20:27:47] - SHITMAN|ANUS#7817 - [DEBUG] | Successfully sent command `pls search`.
[04/30/22-20:27:47] - SHITMAN|ANUS#7817 - [DEBUG] | Got Dank Memer's response to command `pls search`.
[04/30/22-20:27:48] - SHITMAN|ANUS#7817 - [DEBUG] | Successfully interacted with button on Dank Memer's response to command `pls search`.
[04/30/22-20:27:48] - SHITMAN|ANUS#7817 - [DEBUG] | Got Dank Memer's response to command `pls search`.
[04/30/22-20:27:48] - SHITMAN|ANUS#7817 - [DEBUG] | Received no coins & no items from the `pls search` command.
[04/30/22-20:27:49] - SHITMAN|ANUS#7817 - [DEBUG] | Successfully sent command `pls trivia`.
[04/30/22-20:27:49] - SHITMAN|ANUS#7817 - [DEBUG] | Got Dank Memer's response to command `pls trivia`.
[04/30/22-20:27:49] - SHITMAN|ANUS#7817 - [DEBUG] | Successfully interacted with button on Dank Memer's response to command `pls trivia`.
[04/30/22-20:27:50] - SHITMAN|ANUS#7817 - [DEBUG] | Got Dank Memer's response to command `pls trivia`.
[04/30/22-20:27:50] - SHITMAN|ANUS#7817 - [DEBUG] | Received  1000 coins from the `pls trivia` command.
[04/30/22-20:27:50] - SHITMAN|ANUS#7817 - [DEBUG] | Successfully sent command `pls beg`.
[04/30/22-20:27:51] - SHITMAN|ANUS#7817 - [DEBUG] | Got Dank Memer's response to command `pls beg`.
[04/30/22-20:27:51] - SHITMAN|ANUS#7817 - [DEBUG] | Received  696 coins & no items from the `pls beg` command.
[04/30/22-20:27:51] - SHITMAN|ANUS#7817 - [DEBUG] | Successfully sent command `pls crime`.
[04/30/22-20:27:52] - SHITMAN|ANUS#7817 - [DEBUG] | Got Dank Memer's response to command `pls crime`.
[04/30/22-20:27:52] - SHITMAN|ANUS#7817 - [DEBUG] | Successfully interacted with button on Dank Memer's response to command `pls crime`.
[04/30/22-20:27:52] - SHITMAN|ANUS#7817 - [DEBUG] | Got Dank Memer's response to command `pls crime`.
[04/30/22-20:27:52] - SHITMAN|ANUS#7817 - [DEBUG] | Received no coins & no items from the `pls crime` command.
[04/30/22-20:27:53] - SHITMAN|ANUS#7817 - [DEBUG] | Successfully sent command `pls dig`.
[04/30/22-20:27:53] - SHITMAN|ANUS#7817 - [DEBUG] | Got Dank Memer's response to command `pls dig`.
[04/30/22-20:27:53] - SHITMAN|ANUS#7817 - [DEBUG] | Received 1 worm from the `pls dig` command.
[04/30/22-20:27:54] - SHITMAN|ANUS#7817 - [DEBUG] | Successfully sent command `pls fish`.
[04/30/22-20:27:54] - SHITMAN|ANUS#7817 - [DEBUG] | Got Dank Memer's response to command `pls fish`.
[04/30/22-20:27:54] - SHITMAN|ANUS#7817 - [DEBUG] | Found the lake was a bit empty from the `pls fish` command.
[04/30/22-20:27:54] - SHITMAN|ANUS#7817 - [DEBUG] | Successfully sent command `pls hunt`.
[04/30/22-20:27:55] - SHITMAN|ANUS#7817 - [DEBUG] | Got Dank Memer's response to command `pls hunt`.
[04/30/22-20:27:55] - SHITMAN|ANUS#7817 - [DEBUG] | Found no animals slow enough to be caught from the `pls hunt` command.
[04/30/22-20:27:56] - SHITMAN|ANUS#7817 - [DEBUG] | Successfully sent command `pls trivia`.
[04/30/22-20:27:57] - SHITMAN|ANUS#7817 - [DEBUG] | Got Dank Memer's response to command `pls trivia`.
[04/30/22-20:27:57] - SHITMAN|ANUS#7817 - [DEBUG] | Successfully interacted with button on Dank Memer's response to command `pls trivia`.
[04/30/22-20:27:58] - SHITMAN|ANUS#7817 - [DEBUG] | Got Dank Memer's response to command `pls trivia`.
[04/30/22-20:27:58] - SHITMAN|ANUS#7817 - [DEBUG] | Received  1000 coins from the `pls trivia` command.
[04/30/22-20:28:04] - SHITMAN|ANUS#7817 - [DEBUG] | Successfully sent command `pls postmeme`.
[04/30/22-20:28:04] - SHITMAN|ANUS#7817 - [DEBUG] | Got Dank Memer's response to command `pls postmeme`.
[04/30/22-20:28:04] - SHITMAN|ANUS#7817 - [DEBUG] | Successfully interacted with button on Dank Memer's response to command `pls postmeme`.
[04/30/22-20:28:05] - SHITMAN|ANUS#7817 - [DEBUG] | Got Dank Memer's response to command `pls postmeme`.
[04/30/22-20:28:05] - SHITMAN|ANUS#7817 - [DEBUG] | Received no coins & no items from the `pls crime` command.
[04/30/22-20:28:05] - SHITMAN|ANUS#7817 - [DEBUG] | Successfully sent command `pls trivia`.
[04/30/22-20:28:06] - SHITMAN|ANUS#7817 - [DEBUG] | Got Dank Memer's response to command `pls trivia`.
[04/30/22-20:28:06] - SHITMAN|ANUS#7817 - [DEBUG] | Successfully interacted with button on Dank Memer's response to command `pls trivia`.
[04/30/22-20:28:07] - SHITMAN|ANUS#7817 - [DEBUG] | Got Dank Memer's response to command `pls trivia`.
[04/30/22-20:28:07] - SHITMAN|ANUS#7817 - [DEBUG] | Received  2000 coins from the `pls trivia` command.
[04/30/22-20:28:13] - SHITMAN|ANUS#7817 - [DEBUG] | Successfully sent command `pls trivia`.
[04/30/22-20:28:13] - SHITMAN|ANUS#7817 - [DEBUG] | Got Dank Memer's response to command `pls trivia`.
[04/30/22-20:28:14] - SHITMAN|ANUS#7817 - [DEBUG] | Successfully interacted with button on Dank Memer's response to command `pls trivia`.
[04/30/22-20:28:14] - SHITMAN|ANUS#7817 - [DEBUG] | Got Dank Memer's response to command `pls trivia`.
[04/30/22-20:28:14] - SHITMAN|ANUS#7817 - [DEBUG] | Received  1000 coins from the `pls trivia` command.
[04/30/22-20:28:18] - SHITMAN|ANUS#7817 - [DEBUG] | Successfully sent command `pls highlow`.
[04/30/22-20:28:18] - SHITMAN|ANUS#7817 - [DEBUG] | Got Dank Memer's response to command `pls highlow`.
[04/30/22-20:28:19] - SHITMAN|ANUS#7817 - [DEBUG] | Successfully interacted with button on Dank Memer's response to command `pls highlow`.
[04/30/22-20:28:19] - SHITMAN|ANUS#7817 - [DEBUG] | Got Dank Memer's response to command `pls highlow`.
[04/30/22-20:28:19] - SHITMAN|ANUS#7817 - [DEBUG] | Received  1437 coins from the `pls highlow` command.
[04/30/22-20:28:20] - SHITMAN|ANUS#7817 - [DEBUG] | Successfully sent command `pls search`.
[04/30/22-20:28:20] - SHITMAN|ANUS#7817 - [DEBUG] | Got Dank Memer's response to command `pls search`.
[04/30/22-20:28:20] - SHITMAN|ANUS#7817 - [DEBUG] | Successfully interacted with button on Dank Memer's response to command `pls search`.
[04/30/22-20:28:21] - SHITMAN|ANUS#7817 - [DEBUG] | Got Dank Memer's response to command `pls search`.
[04/30/22-20:28:21] - SHITMAN|ANUS#7817 - [DEBUG] | Received  1712 coins & no items from the `pls search` command.
[04/30/22-20:28:21] - SHITMAN|ANUS#7817 - [DEBUG] | Successfully sent command `pls trivia`.
[04/30/22-20:28:21] - SHITMAN|ANUS#7817 - [DEBUG] | Got Dank Memer's response to command `pls trivia`.
[04/30/22-20:28:22] - SHITMAN|ANUS#7817 - [DEBUG] | Successfully interacted with button on Dank Memer's response to command `pls trivia`.
[04/30/22-20:28:22] - SHITMAN|ANUS#7817 - [DEBUG] | Got Dank Memer's response to command `pls trivia`.
[04/30/22-20:28:22] - SHITMAN|ANUS#7817 - [DEBUG] | Received  2000 coins from the `pls trivia` command.
